<?xml version="1.0" encoding="UTF-8"?>
<testng-results ignored="0" total="1" passed="1" failed="0" skipped="0">
  <reporter-output>
  </reporter-output>
  <suite started-at="2023-07-15T17:13:27 IST" name="Command line suite" finished-at="2023-07-15T17:14:07 IST" duration-ms="39691">
    <groups>
      <group name="cucumber">
        <method signature="AbstractTestNGCucumberTests.runScenario(io.cucumber.testng.PickleWrapper,io.cucumber.testng.FeatureWrapper)[pri:0, instance:com.big.TestRunners.CucumberRunner@66746f57]" name="runScenario" class="io.cucumber.testng.AbstractTestNGCucumberTests"/>
      </group> <!-- cucumber -->
    </groups>
    <test started-at="2023-07-15T17:13:27 IST" name="Command line test" finished-at="2023-07-15T17:14:07 IST" duration-ms="39691">
      <class name="com.big.TestRunners.CucumberRunner">
        <test-method is-config="true" signature="setUpClass(org.testng.ITestContext)[pri:0, instance:com.big.TestRunners.CucumberRunner@66746f57]" started-at="2023-07-15T17:13:27 IST" name="setUpClass" finished-at="2023-07-15T17:13:28 IST" duration-ms="902" status="PASS">
          <params>
            <param index="0">
              <value>
                <![CDATA[org.testng.TestRunner@1e29a81a]]>
              </value>
            </param>
          </params>
          <reporter-output>
          </reporter-output>
        </test-method> <!-- setUpClass -->
        <test-method signature="runScenario(io.cucumber.testng.PickleWrapper,io.cucumber.testng.FeatureWrapper)[pri:0, instance:com.big.TestRunners.CucumberRunner@66746f57]" started-at="2023-07-15T17:13:28 IST" name="runScenario" description="Runs Cucumber Scenarios" data-provider="scenarios" finished-at="2023-07-15T17:14:04 IST" duration-ms="36310" status="PASS">
          <params>
            <param index="0">
              <value>
                <![CDATA["Validate Login screen"]]>
              </value>
            </param>
            <param index="1">
              <value>
                <![CDATA["Verify the google Search Functionality"]]>
              </value>
            </param>
          </params>
          <reporter-output>
          </reporter-output>
        </test-method> <!-- runScenario -->
        <test-method is-config="true" signature="tearDownClass()[pri:0, instance:com.big.TestRunners.CucumberRunner@66746f57]" started-at="2023-07-15T17:14:04 IST" name="tearDownClass" finished-at="2023-07-15T17:14:07 IST" duration-ms="2418" status="PASS">
          <reporter-output>
          </reporter-output>
        </test-method> <!-- tearDownClass -->
      </class> <!-- com.big.TestRunners.CucumberRunner -->
    </test> <!-- Command line test -->
  </suite> <!-- Command line suite -->
</testng-results>
